2018/09/09 07:44:23 [error] [exception.CException] exception 'CException' with message '属性 "ClubList.apply_id_card" 未被定义.' in F:\wamp64\www\hsyii\framework\base\CComponent.php:130
Stack trace:
#0 F:\wamp64\www\hsyii\framework\db\ar\CActiveRecord.php(145): CComponent->__get('apply_id_card')
#1 F:\wamp64\www\hsyii\framework\validators\CRequiredValidator.php(58): CActiveRecord->__get('apply_id_card')
#2 F:\wamp64\www\hsyii\framework\validators\CValidator.php(201): CRequiredValidator->validateAttribute(Object(ClubList), 'apply_id_card')
#3 F:\wamp64\www\hsyii\framework\base\CModel.php(159): CValidator->validate(Object(ClubList), NULL)
#4 F:\wamp64\www\hsyii\framework\db\ar\CActiveRecord.php(810): CModel->validate(NULL)
#5 F:\wamp64\www\hsyii\admin\controllers\ClubListController.php(44): CActiveRecord->save()
#6 F:\wamp64\www\hsyii\admin\controllers\ClubListController.php(38): ClubListController->saveData(Object(ClubList), Array)
#7 [internal function]: ClubListController->actionUpdate('1')
#8 F:\wamp64\www\hsyii\framework\web\actions\CAction.php(109): ReflectionMethod->invokeArgs(Object(ClubListController), Array)
#9 F:\wamp64\www\hsyii\framework\web\actions\CInlineAction.php(47): CAction->runWithParamsInternal(Object(ClubListController), Object(ReflectionMethod), Array)
#10 F:\wamp64\www\hsyii\framework\web\CController.php(308): CInlineAction->runWithParams(Array)
#11 F:\wamp64\www\hsyii\framework\web\CController.php(286): CController->runAction(Object(CInlineAction))
#12 F:\wamp64\www\hsyii\framework\web\CController.php(265): CController->runActionWithFilters(Object(CInlineAction), Array)
#13 F:\wamp64\www\hsyii\framework\web\CWebApplication.php(282): CController->run('update')
#14 F:\wamp64\www\hsyii\framework\web\CWebApplication.php(141): CWebApplication->runController('clubList/update')
#15 F:\wamp64\www\hsyii\framework\base\CApplication.php(185): CWebApplication->processRequest()
#16 F:\wamp64\www\hsyii\index.php(33): CApplication->run()
#17 {main}
REQUEST_URI=/hsyii/index.php?r=clubList/update&id=1
HTTP_REFERER=http://localhost:8081/hsyii/index.php?r=clubList/update&id=1
---
2018/09/09 07:45:37 [error] [exception.CException] exception 'CException' with message '属性 "ClubList.apply_id_card" 未被定义.' in F:\wamp64\www\hsyii\framework\base\CComponent.php:130
Stack trace:
#0 F:\wamp64\www\hsyii\framework\db\ar\CActiveRecord.php(145): CComponent->__get('apply_id_card')
#1 F:\wamp64\www\hsyii\framework\validators\CRequiredValidator.php(58): CActiveRecord->__get('apply_id_card')
#2 F:\wamp64\www\hsyii\framework\validators\CValidator.php(201): CRequiredValidator->validateAttribute(Object(ClubList), 'apply_id_card')
#3 F:\wamp64\www\hsyii\framework\base\CModel.php(159): CValidator->validate(Object(ClubList), NULL)
#4 F:\wamp64\www\hsyii\framework\db\ar\CActiveRecord.php(810): CModel->validate(NULL)
#5 F:\wamp64\www\hsyii\admin\controllers\ClubListController.php(44): CActiveRecord->save()
#6 F:\wamp64\www\hsyii\admin\controllers\ClubListController.php(38): ClubListController->saveData(Object(ClubList), Array)
#7 [internal function]: ClubListController->actionUpdate('1')
#8 F:\wamp64\www\hsyii\framework\web\actions\CAction.php(109): ReflectionMethod->invokeArgs(Object(ClubListController), Array)
#9 F:\wamp64\www\hsyii\framework\web\actions\CInlineAction.php(47): CAction->runWithParamsInternal(Object(ClubListController), Object(ReflectionMethod), Array)
#10 F:\wamp64\www\hsyii\framework\web\CController.php(308): CInlineAction->runWithParams(Array)
#11 F:\wamp64\www\hsyii\framework\web\CController.php(286): CController->runAction(Object(CInlineAction))
#12 F:\wamp64\www\hsyii\framework\web\CController.php(265): CController->runActionWithFilters(Object(CInlineAction), Array)
#13 F:\wamp64\www\hsyii\framework\web\CWebApplication.php(282): CController->run('update')
#14 F:\wamp64\www\hsyii\framework\web\CWebApplication.php(141): CWebApplication->runController('clubList/update')
#15 F:\wamp64\www\hsyii\framework\base\CApplication.php(185): CWebApplication->processRequest()
#16 F:\wamp64\www\hsyii\index.php(33): CApplication->run()
#17 {main}
REQUEST_URI=/hsyii/index.php?r=clubList/update&id=1
HTTP_REFERER=http://localhost:8081/hsyii/index.php?r=clubList/update&id=1
---
2018/09/09 08:54:37 [error] [php] include(Teacher.php): failed to open stream: No such file or directory (F:\wamp64\www\hsyii\framework\YiiBase.php:432)
Stack trace:
#0 F:\wamp64\www\hsyii\admin\controllers\IndexController.php(23): spl_autoload_call()
#1 F:\wamp64\www\hsyii\admin\controllers\IndexController.php(18): IndexController->login_form()
#2 F:\wamp64\www\hsyii\framework\web\actions\CInlineAction.php(49): IndexController->actionLogout()
#3 F:\wamp64\www\hsyii\framework\web\CController.php(308): CInlineAction->runWithParams()
#4 F:\wamp64\www\hsyii\framework\web\CController.php(286): IndexController->runAction()
#5 F:\wamp64\www\hsyii\framework\web\CController.php(265): IndexController->runActionWithFilters()
#6 F:\wamp64\www\hsyii\framework\web\CWebApplication.php(282): IndexController->run()
#7 F:\wamp64\www\hsyii\framework\web\CWebApplication.php(141): CWebApplication->runController()
#8 F:\wamp64\www\hsyii\framework\base\CApplication.php(185): CWebApplication->processRequest()
#9 F:\wamp64\www\hsyii\index.php(33): CWebApplication->run()
REQUEST_URI=/hsyii/index.php?r=index/logout
2018/09/10 02:24:31 [error] [php] include(Teacher.php): failed to open stream: No such file or directory (F:\wamp64\www\hsyii\framework\YiiBase.php:432)
Stack trace:
#0 F:\wamp64\www\hsyii\admin\controllers\IndexController.php(23): spl_autoload_call()
#1 F:\wamp64\www\hsyii\admin\controllers\IndexController.php(18): IndexController->login_form()
#2 F:\wamp64\www\hsyii\framework\web\actions\CInlineAction.php(49): IndexController->actionLogout()
#3 F:\wamp64\www\hsyii\framework\web\CController.php(308): CInlineAction->runWithParams()
#4 F:\wamp64\www\hsyii\framework\web\CController.php(286): IndexController->runAction()
#5 F:\wamp64\www\hsyii\framework\web\CController.php(265): IndexController->runActionWithFilters()
#6 F:\wamp64\www\hsyii\framework\web\CWebApplication.php(282): IndexController->run()
#7 F:\wamp64\www\hsyii\framework\web\CWebApplication.php(141): CWebApplication->runController()
#8 F:\wamp64\www\hsyii\framework\base\CApplication.php(185): CWebApplication->processRequest()
#9 F:\wamp64\www\hsyii\index.php(33): CWebApplication->run()
REQUEST_URI=/hsyii/index.php?r=index/logout
2019/10/25 12:32:08 [error] [php] include(Teacher.php): failed to open stream: No such file or directory (F:\Academic\CodeSpace\PHP\hsyii\framework\YiiBase.php:432)
Stack trace:
#0 F:\Academic\CodeSpace\PHP\hsyii\admin\controllers\IndexController.php(23): spl_autoload_call()
#1 F:\Academic\CodeSpace\PHP\hsyii\admin\controllers\IndexController.php(18): IndexController->login_form()
#2 F:\Academic\CodeSpace\PHP\hsyii\framework\web\actions\CInlineAction.php(49): IndexController->actionLogout()
#3 F:\Academic\CodeSpace\PHP\hsyii\framework\web\CController.php(308): CInlineAction->runWithParams()
#4 F:\Academic\CodeSpace\PHP\hsyii\framework\web\CController.php(286): IndexController->runAction()
#5 F:\Academic\CodeSpace\PHP\hsyii\framework\web\CController.php(265): IndexController->runActionWithFilters()
#6 F:\Academic\CodeSpace\PHP\hsyii\framework\web\CWebApplication.php(282): IndexController->run()
#7 F:\Academic\CodeSpace\PHP\hsyii\framework\web\CWebApplication.php(141): CWebApplication->runController()
#8 F:\Academic\CodeSpace\PHP\hsyii\framework\base\CApplication.php(185): CWebApplication->processRequest()
#9 F:\Academic\CodeSpace\PHP\hsyii\index.php(33): CWebApplication->run()
REQUEST_URI=/index.php?r=index/logout
2019/11/02 06:33:01 [error] [exception.CDbException] SQLSTATE[HY000] [1045] Access denied for user 'root'@'localhost' (using password: YES)
2019/11/02 06:33:02 [error] [exception.CDbException] CDbException: CDbConnection failed to open the DB connection. in F:\Academic\CodeSpace\PHP\hsyii\framework\db\CDbConnection.php:405
Stack trace:
#0 F:\Academic\CodeSpace\PHP\hsyii\framework\db\CDbConnection.php(347): CDbConnection->open()
#1 F:\Academic\CodeSpace\PHP\hsyii\framework\db\CDbConnection.php(325): CDbConnection->setActive(true)
#2 F:\Academic\CodeSpace\PHP\hsyii\framework\base\CModule.php(394): CDbConnection->init()
#3 F:\Academic\CodeSpace\PHP\hsyii\framework\base\CApplication.php(459): CModule->getComponent('db')
#4 F:\Academic\CodeSpace\PHP\hsyii\framework\db\ar\CActiveRecord.php(639): CApplication->getDb()
#5 F:\Academic\CodeSpace\PHP\hsyii\framework\db\ar\CActiveRecord.php(672): CActiveRecord->getDbConnection()
#6 F:\Academic\CodeSpace\PHP\hsyii\framework\db\ar\CActiveRecord.php(1604): CActiveRecord->getCommandBuilder()
#7 F:\Academic\CodeSpace\PHP\hsyii\admin\components\BaseController.php(62): CActiveRecord->count(Object(CDbCriteria))
#8 F:\Academic\CodeSpace\PHP\hsyii\admin\controllers\ClubListController.php(55): BaseController->_list(Object(ClubList), Object(CDbCriteria), 'index', Array)
#9 [internal function]: ClubListController->actionIndex('')
#10 F:\Academic\CodeSpace\PHP\hsyii\framework\web\actions\CAction.php(109): ReflectionMethod->invokeArgs(Object(ClubListController), Array)
#11 F:\Academic\CodeSpace\PHP\hsyii\framework\web\actions\CInlineAction.php(47): CAction->runWithParamsInternal(Object(ClubListController), Object(ReflectionMethod), Array)
#12 F:\Academic\CodeSpace\PHP\hsyii\framework\web\CController.php(308): CInlineAction->runWithParams(Array)
#13 F:\Academic\CodeSpace\PHP\hsyii\framework\web\CController.php(286): CController->runAction(Object(CInlineAction))
#14 F:\Academic\CodeSpace\PHP\hsyii\framework\web\CController.php(265): CController->runActionWithFilters(Object(CInlineAction), Array)
#15 F:\Academic\CodeSpace\PHP\hsyii\framework\web\CWebApplication.php(282): CController->run('index')
#16 F:\Academic\CodeSpace\PHP\hsyii\framework\web\CWebApplication.php(141): CWebApplication->runController('clubList/index')
#17 F:\Academic\CodeSpace\PHP\hsyii\framework\base\CApplication.php(185): CWebApplication->processRequest()
#18 F:\Academic\CodeSpace\PHP\hsyii\index.php(33): CApplication->run()
#19 {main}
REQUEST_URI=/index.php?r=clubList/index
HTTP_REFERER=http://yii.demo/
---
2019/11/02 06:33:03 [error] [exception.CDbException] SQLSTATE[HY000] [1045] Access denied for user 'root'@'localhost' (using password: YES)
2019/11/02 06:33:03 [error] [exception.CDbException] CDbException: CDbConnection failed to open the DB connection. in F:\Academic\CodeSpace\PHP\hsyii\framework\db\CDbConnection.php:405
Stack trace:
#0 F:\Academic\CodeSpace\PHP\hsyii\framework\db\CDbConnection.php(347): CDbConnection->open()
#1 F:\Academic\CodeSpace\PHP\hsyii\framework\db\CDbConnection.php(325): CDbConnection->setActive(true)
#2 F:\Academic\CodeSpace\PHP\hsyii\framework\base\CModule.php(394): CDbConnection->init()
#3 F:\Academic\CodeSpace\PHP\hsyii\framework\base\CApplication.php(459): CModule->getComponent('db')
#4 F:\Academic\CodeSpace\PHP\hsyii\framework\db\ar\CActiveRecord.php(639): CApplication->getDb()
#5 F:\Academic\CodeSpace\PHP\hsyii\framework\db\ar\CActiveRecord.php(672): CActiveRecord->getDbConnection()
#6 F:\Academic\CodeSpace\PHP\hsyii\framework\db\ar\CActiveRecord.php(1604): CActiveRecord->getCommandBuilder()
#7 F:\Academic\CodeSpace\PHP\hsyii\admin\components\BaseController.php(62): CActiveRecord->count(Object(CDbCriteria))
#8 F:\Academic\CodeSpace\PHP\hsyii\admin\controllers\ClubListController.php(55): BaseController->_list(Object(ClubList), Object(CDbCriteria), 'index', Array)
#9 [internal function]: ClubListController->actionIndex('')
#10 F:\Academic\CodeSpace\PHP\hsyii\framework\web\actions\CAction.php(109): ReflectionMethod->invokeArgs(Object(ClubListController), Array)
#11 F:\Academic\CodeSpace\PHP\hsyii\framework\web\actions\CInlineAction.php(47): CAction->runWithParamsInternal(Object(ClubListController), Object(ReflectionMethod), Array)
#12 F:\Academic\CodeSpace\PHP\hsyii\framework\web\CController.php(308): CInlineAction->runWithParams(Array)
#13 F:\Academic\CodeSpace\PHP\hsyii\framework\web\CController.php(286): CController->runAction(Object(CInlineAction))
#14 F:\Academic\CodeSpace\PHP\hsyii\framework\web\CController.php(265): CController->runActionWithFilters(Object(CInlineAction), Array)
#15 F:\Academic\CodeSpace\PHP\hsyii\framework\web\CWebApplication.php(282): CController->run('index')
#16 F:\Academic\CodeSpace\PHP\hsyii\framework\web\CWebApplication.php(141): CWebApplication->runController('clubList/index')
#17 F:\Academic\CodeSpace\PHP\hsyii\framework\base\CApplication.php(185): CWebApplication->processRequest()
#18 F:\Academic\CodeSpace\PHP\hsyii\index.php(33): CApplication->run()
#19 {main}
REQUEST_URI=/index.php?r=clubList/index
HTTP_REFERER=http://yii.demo/
---
2019/11/02 06:33:04 [error] [exception.CDbException] SQLSTATE[HY000] [1045] Access denied for user 'root'@'localhost' (using password: YES)
2019/11/02 06:33:04 [error] [exception.CDbException] CDbException: CDbConnection failed to open the DB connection. in F:\Academic\CodeSpace\PHP\hsyii\framework\db\CDbConnection.php:405
Stack trace:
#0 F:\Academic\CodeSpace\PHP\hsyii\framework\db\CDbConnection.php(347): CDbConnection->open()
#1 F:\Academic\CodeSpace\PHP\hsyii\framework\db\CDbConnection.php(325): CDbConnection->setActive(true)
#2 F:\Academic\CodeSpace\PHP\hsyii\framework\base\CModule.php(394): CDbConnection->init()
#3 F:\Academic\CodeSpace\PHP\hsyii\framework\base\CApplication.php(459): CModule->getComponent('db')
#4 F:\Academic\CodeSpace\PHP\hsyii\framework\db\ar\CActiveRecord.php(639): CApplication->getDb()
#5 F:\Academic\CodeSpace\PHP\hsyii\framework\db\ar\CActiveRecord.php(672): CActiveRecord->getDbConnection()
#6 F:\Academic\CodeSpace\PHP\hsyii\framework\db\ar\CActiveRecord.php(1604): CActiveRecord->getCommandBuilder()
#7 F:\Academic\CodeSpace\PHP\hsyii\admin\components\BaseController.php(62): CActiveRecord->count(Object(CDbCriteria))
#8 F:\Academic\CodeSpace\PHP\hsyii\admin\controllers\ClubListController.php(55): BaseController->_list(Object(ClubList), Object(CDbCriteria), 'index', Array)
#9 [internal function]: ClubListController->actionIndex('')
#10 F:\Academic\CodeSpace\PHP\hsyii\framework\web\actions\CAction.php(109): ReflectionMethod->invokeArgs(Object(ClubListController), Array)
#11 F:\Academic\CodeSpace\PHP\hsyii\framework\web\actions\CInlineAction.php(47): CAction->runWithParamsInternal(Object(ClubListController), Object(ReflectionMethod), Array)
#12 F:\Academic\CodeSpace\PHP\hsyii\framework\web\CController.php(308): CInlineAction->runWithParams(Array)
#13 F:\Academic\CodeSpace\PHP\hsyii\framework\web\CController.php(286): CController->runAction(Object(CInlineAction))
#14 F:\Academic\CodeSpace\PHP\hsyii\framework\web\CController.php(265): CController->runActionWithFilters(Object(CInlineAction), Array)
#15 F:\Academic\CodeSpace\PHP\hsyii\framework\web\CWebApplication.php(282): CController->run('index')
#16 F:\Academic\CodeSpace\PHP\hsyii\framework\web\CWebApplication.php(141): CWebApplication->runController('clubList/index')
#17 F:\Academic\CodeSpace\PHP\hsyii\framework\base\CApplication.php(185): CWebApplication->processRequest()
#18 F:\Academic\CodeSpace\PHP\hsyii\index.php(33): CApplication->run()
#19 {main}
REQUEST_URI=/index.php?r=clubList/index
HTTP_REFERER=http://yii.demo/
---
2019/11/02 07:09:00 [error] [php] include(Teacher.php): failed to open stream: No such file or directory (F:\Academic\CodeSpace\PHP\hsyii\framework\YiiBase.php:432)
Stack trace:
#0 F:\Academic\CodeSpace\PHP\hsyii\admin\controllers\IndexController.php(23): spl_autoload_call()
#1 F:\Academic\CodeSpace\PHP\hsyii\admin\controllers\IndexController.php(18): IndexController->login_form()
#2 F:\Academic\CodeSpace\PHP\hsyii\framework\web\actions\CInlineAction.php(49): IndexController->actionLogout()
#3 F:\Academic\CodeSpace\PHP\hsyii\framework\web\CController.php(308): CInlineAction->runWithParams()
#4 F:\Academic\CodeSpace\PHP\hsyii\framework\web\CController.php(286): IndexController->runAction()
#5 F:\Academic\CodeSpace\PHP\hsyii\framework\web\CController.php(265): IndexController->runActionWithFilters()
#6 F:\Academic\CodeSpace\PHP\hsyii\framework\web\CWebApplication.php(282): IndexController->run()
#7 F:\Academic\CodeSpace\PHP\hsyii\framework\web\CWebApplication.php(141): CWebApplication->runController()
#8 F:\Academic\CodeSpace\PHP\hsyii\framework\base\CApplication.php(185): CWebApplication->processRequest()
#9 F:\Academic\CodeSpace\PHP\hsyii\index.php(33): CWebApplication->run()
REQUEST_URI=/index.php?r=index/logout
2019/11/04 15:45:37 [error] [exception.CDbException] SQLSTATE[HY000] [1045] Access denied for user 'root'@'localhost' (using password: YES)
2019/11/04 15:45:37 [error] [exception.CDbException] CDbException: CDbConnection failed to open the DB connection. in F:\Academic\CodeSpace\PHP\hsyii\framework\db\CDbConnection.php:405
Stack trace:
#0 F:\Academic\CodeSpace\PHP\hsyii\framework\db\CDbConnection.php(347): CDbConnection->open()
#1 F:\Academic\CodeSpace\PHP\hsyii\framework\db\CDbConnection.php(325): CDbConnection->setActive(true)
#2 F:\Academic\CodeSpace\PHP\hsyii\framework\base\CModule.php(394): CDbConnection->init()
#3 F:\Academic\CodeSpace\PHP\hsyii\framework\base\CApplication.php(459): CModule->getComponent('db')
#4 F:\Academic\CodeSpace\PHP\hsyii\framework\db\ar\CActiveRecord.php(639): CApplication->getDb()
#5 F:\Academic\CodeSpace\PHP\hsyii\framework\db\ar\CActiveRecord.php(672): CActiveRecord->getDbConnection()
#6 F:\Academic\CodeSpace\PHP\hsyii\framework\db\ar\CActiveRecord.php(1604): CActiveRecord->getCommandBuilder()
#7 F:\Academic\CodeSpace\PHP\hsyii\admin\components\BaseController.php(62): CActiveRecord->count(Object(CDbCriteria))
#8 F:\Academic\CodeSpace\PHP\hsyii\admin\controllers\ClubListController.php(55): BaseController->_list(Object(ClubList), Object(CDbCriteria), 'index', Array)
#9 [internal function]: ClubListController->actionIndex('')
#10 F:\Academic\CodeSpace\PHP\hsyii\framework\web\actions\CAction.php(109): ReflectionMethod->invokeArgs(Object(ClubListController), Array)
#11 F:\Academic\CodeSpace\PHP\hsyii\framework\web\actions\CInlineAction.php(47): CAction->runWithParamsInternal(Object(ClubListController), Object(ReflectionMethod), Array)
#12 F:\Academic\CodeSpace\PHP\hsyii\framework\web\CController.php(308): CInlineAction->runWithParams(Array)
#13 F:\Academic\CodeSpace\PHP\hsyii\framework\web\CController.php(286): CController->runAction(Object(CInlineAction))
#14 F:\Academic\CodeSpace\PHP\hsyii\framework\web\CController.php(265): CController->runActionWithFilters(Object(CInlineAction), Array)
#15 F:\Academic\CodeSpace\PHP\hsyii\framework\web\CWebApplication.php(282): CController->run('index')
#16 F:\Academic\CodeSpace\PHP\hsyii\framework\web\CWebApplication.php(141): CWebApplication->runController('clubList/index')
#17 F:\Academic\CodeSpace\PHP\hsyii\framework\base\CApplication.php(185): CWebApplication->processRequest()
#18 F:\Academic\CodeSpace\PHP\hsyii\index.php(33): CApplication->run()
#19 {main}
REQUEST_URI=/index.php?r=clubList/index
HTTP_REFERER=http://yii.demo/
---
2019/11/04 15:45:37 [error] [exception.CDbException] SQLSTATE[HY000] [1045] Access denied for user 'root'@'localhost' (using password: YES)
2019/11/04 15:45:37 [error] [exception.CDbException] CDbException: CDbConnection failed to open the DB connection. in F:\Academic\CodeSpace\PHP\hsyii\framework\db\CDbConnection.php:405
Stack trace:
#0 F:\Academic\CodeSpace\PHP\hsyii\framework\db\CDbConnection.php(347): CDbConnection->open()
#1 F:\Academic\CodeSpace\PHP\hsyii\framework\db\CDbConnection.php(325): CDbConnection->setActive(true)
#2 F:\Academic\CodeSpace\PHP\hsyii\framework\base\CModule.php(394): CDbConnection->init()
#3 F:\Academic\CodeSpace\PHP\hsyii\framework\base\CApplication.php(459): CModule->getComponent('db')
#4 F:\Academic\CodeSpace\PHP\hsyii\framework\db\ar\CActiveRecord.php(639): CApplication->getDb()
#5 F:\Academic\CodeSpace\PHP\hsyii\framework\db\ar\CActiveRecord.php(672): CActiveRecord->getDbConnection()
#6 F:\Academic\CodeSpace\PHP\hsyii\framework\db\ar\CActiveRecord.php(1604): CActiveRecord->getCommandBuilder()
#7 F:\Academic\CodeSpace\PHP\hsyii\admin\components\BaseController.php(62): CActiveRecord->count(Object(CDbCriteria))
#8 F:\Academic\CodeSpace\PHP\hsyii\admin\controllers\ClubListController.php(55): BaseController->_list(Object(ClubList), Object(CDbCriteria), 'index', Array)
#9 [internal function]: ClubListController->actionIndex('')
#10 F:\Academic\CodeSpace\PHP\hsyii\framework\web\actions\CAction.php(109): ReflectionMethod->invokeArgs(Object(ClubListController), Array)
#11 F:\Academic\CodeSpace\PHP\hsyii\framework\web\actions\CInlineAction.php(47): CAction->runWithParamsInternal(Object(ClubListController), Object(ReflectionMethod), Array)
#12 F:\Academic\CodeSpace\PHP\hsyii\framework\web\CController.php(308): CInlineAction->runWithParams(Array)
#13 F:\Academic\CodeSpace\PHP\hsyii\framework\web\CController.php(286): CController->runAction(Object(CInlineAction))
#14 F:\Academic\CodeSpace\PHP\hsyii\framework\web\CController.php(265): CController->runActionWithFilters(Object(CInlineAction), Array)
#15 F:\Academic\CodeSpace\PHP\hsyii\framework\web\CWebApplication.php(282): CController->run('index')
#16 F:\Academic\CodeSpace\PHP\hsyii\framework\web\CWebApplication.php(141): CWebApplication->runController('clubList/index')
#17 F:\Academic\CodeSpace\PHP\hsyii\framework\base\CApplication.php(185): CWebApplication->processRequest()
#18 F:\Academic\CodeSpace\PHP\hsyii\index.php(33): CApplication->run()
#19 {main}
REQUEST_URI=/index.php?r=clubList/index
HTTP_REFERER=http://yii.demo/
---
2019/11/04 15:45:37 [error] [exception.CDbException] SQLSTATE[HY000] [1045] Access denied for user 'root'@'localhost' (using password: YES)
2019/11/04 15:45:37 [error] [exception.CDbException] CDbException: CDbConnection failed to open the DB connection. in F:\Academic\CodeSpace\PHP\hsyii\framework\db\CDbConnection.php:405
Stack trace:
#0 F:\Academic\CodeSpace\PHP\hsyii\framework\db\CDbConnection.php(347): CDbConnection->open()
#1 F:\Academic\CodeSpace\PHP\hsyii\framework\db\CDbConnection.php(325): CDbConnection->setActive(true)
#2 F:\Academic\CodeSpace\PHP\hsyii\framework\base\CModule.php(394): CDbConnection->init()
#3 F:\Academic\CodeSpace\PHP\hsyii\framework\base\CApplication.php(459): CModule->getComponent('db')
#4 F:\Academic\CodeSpace\PHP\hsyii\framework\db\ar\CActiveRecord.php(639): CApplication->getDb()
#5 F:\Academic\CodeSpace\PHP\hsyii\framework\db\ar\CActiveRecord.php(672): CActiveRecord->getDbConnection()
#6 F:\Academic\CodeSpace\PHP\hsyii\framework\db\ar\CActiveRecord.php(1604): CActiveRecord->getCommandBuilder()
#7 F:\Academic\CodeSpace\PHP\hsyii\admin\components\BaseController.php(62): CActiveRecord->count(Object(CDbCriteria))
#8 F:\Academic\CodeSpace\PHP\hsyii\admin\controllers\ClubListController.php(55): BaseController->_list(Object(ClubList), Object(CDbCriteria), 'index', Array)
#9 [internal function]: ClubListController->actionIndex('')
#10 F:\Academic\CodeSpace\PHP\hsyii\framework\web\actions\CAction.php(109): ReflectionMethod->invokeArgs(Object(ClubListController), Array)
#11 F:\Academic\CodeSpace\PHP\hsyii\framework\web\actions\CInlineAction.php(47): CAction->runWithParamsInternal(Object(ClubListController), Object(ReflectionMethod), Array)
#12 F:\Academic\CodeSpace\PHP\hsyii\framework\web\CController.php(308): CInlineAction->runWithParams(Array)
#13 F:\Academic\CodeSpace\PHP\hsyii\framework\web\CController.php(286): CController->runAction(Object(CInlineAction))
#14 F:\Academic\CodeSpace\PHP\hsyii\framework\web\CController.php(265): CController->runActionWithFilters(Object(CInlineAction), Array)
#15 F:\Academic\CodeSpace\PHP\hsyii\framework\web\CWebApplication.php(282): CController->run('index')
#16 F:\Academic\CodeSpace\PHP\hsyii\framework\web\CWebApplication.php(141): CWebApplication->runController('clubList/index')
#17 F:\Academic\CodeSpace\PHP\hsyii\framework\base\CApplication.php(185): CWebApplication->processRequest()
#18 F:\Academic\CodeSpace\PHP\hsyii\index.php(33): CApplication->run()
#19 {main}
REQUEST_URI=/index.php?r=clubList/index
HTTP_REFERER=http://yii.demo/
---
2019/11/04 15:45:37 [error] [exception.CDbException] SQLSTATE[HY000] [1045] Access denied for user 'root'@'localhost' (using password: YES)
2019/11/04 15:45:37 [error] [exception.CDbException] CDbException: CDbConnection failed to open the DB connection. in F:\Academic\CodeSpace\PHP\hsyii\framework\db\CDbConnection.php:405
Stack trace:
#0 F:\Academic\CodeSpace\PHP\hsyii\framework\db\CDbConnection.php(347): CDbConnection->open()
#1 F:\Academic\CodeSpace\PHP\hsyii\framework\db\CDbConnection.php(325): CDbConnection->setActive(true)
#2 F:\Academic\CodeSpace\PHP\hsyii\framework\base\CModule.php(394): CDbConnection->init()
#3 F:\Academic\CodeSpace\PHP\hsyii\framework\base\CApplication.php(459): CModule->getComponent('db')
#4 F:\Academic\CodeSpace\PHP\hsyii\framework\db\ar\CActiveRecord.php(639): CApplication->getDb()
#5 F:\Academic\CodeSpace\PHP\hsyii\framework\db\ar\CActiveRecord.php(672): CActiveRecord->getDbConnection()
#6 F:\Academic\CodeSpace\PHP\hsyii\framework\db\ar\CActiveRecord.php(1604): CActiveRecord->getCommandBuilder()
#7 F:\Academic\CodeSpace\PHP\hsyii\admin\components\BaseController.php(62): CActiveRecord->count(Object(CDbCriteria))
#8 F:\Academic\CodeSpace\PHP\hsyii\admin\controllers\ClubListController.php(55): BaseController->_list(Object(ClubList), Object(CDbCriteria), 'index', Array)
#9 [internal function]: ClubListController->actionIndex('')
#10 F:\Academic\CodeSpace\PHP\hsyii\framework\web\actions\CAction.php(109): ReflectionMethod->invokeArgs(Object(ClubListController), Array)
#11 F:\Academic\CodeSpace\PHP\hsyii\framework\web\actions\CInlineAction.php(47): CAction->runWithParamsInternal(Object(ClubListController), Object(ReflectionMethod), Array)
#12 F:\Academic\CodeSpace\PHP\hsyii\framework\web\CController.php(308): CInlineAction->runWithParams(Array)
#13 F:\Academic\CodeSpace\PHP\hsyii\framework\web\CController.php(286): CController->runAction(Object(CInlineAction))
#14 F:\Academic\CodeSpace\PHP\hsyii\framework\web\CController.php(265): CController->runActionWithFilters(Object(CInlineAction), Array)
#15 F:\Academic\CodeSpace\PHP\hsyii\framework\web\CWebApplication.php(282): CController->run('index')
#16 F:\Academic\CodeSpace\PHP\hsyii\framework\web\CWebApplication.php(141): CWebApplication->runController('clubList/index')
#17 F:\Academic\CodeSpace\PHP\hsyii\framework\base\CApplication.php(185): CWebApplication->processRequest()
#18 F:\Academic\CodeSpace\PHP\hsyii\index.php(33): CApplication->run()
#19 {main}
REQUEST_URI=/index.php?r=clubList/index
HTTP_REFERER=http://yii.demo/
---
2019/11/04 15:45:39 [error] [exception.CDbException] SQLSTATE[HY000] [1045] Access denied for user 'root'@'localhost' (using password: YES)
2019/11/04 15:45:39 [error] [exception.CDbException] CDbException: CDbConnection failed to open the DB connection. in F:\Academic\CodeSpace\PHP\hsyii\framework\db\CDbConnection.php:405
Stack trace:
#0 F:\Academic\CodeSpace\PHP\hsyii\framework\db\CDbConnection.php(347): CDbConnection->open()
#1 F:\Academic\CodeSpace\PHP\hsyii\framework\db\CDbConnection.php(325): CDbConnection->setActive(true)
#2 F:\Academic\CodeSpace\PHP\hsyii\framework\base\CModule.php(394): CDbConnection->init()
#3 F:\Academic\CodeSpace\PHP\hsyii\framework\base\CApplication.php(459): CModule->getComponent('db')
#4 F:\Academic\CodeSpace\PHP\hsyii\framework\db\ar\CActiveRecord.php(639): CApplication->getDb()
#5 F:\Academic\CodeSpace\PHP\hsyii\framework\db\ar\CActiveRecord.php(672): CActiveRecord->getDbConnection()
#6 F:\Academic\CodeSpace\PHP\hsyii\framework\db\ar\CActiveRecord.php(1604): CActiveRecord->getCommandBuilder()
#7 F:\Academic\CodeSpace\PHP\hsyii\admin\components\BaseController.php(62): CActiveRecord->count(Object(CDbCriteria))
#8 F:\Academic\CodeSpace\PHP\hsyii\admin\controllers\ClubListController.php(55): BaseController->_list(Object(ClubList), Object(CDbCriteria), 'index', Array)
#9 [internal function]: ClubListController->actionIndex('')
#10 F:\Academic\CodeSpace\PHP\hsyii\framework\web\actions\CAction.php(109): ReflectionMethod->invokeArgs(Object(ClubListController), Array)
#11 F:\Academic\CodeSpace\PHP\hsyii\framework\web\actions\CInlineAction.php(47): CAction->runWithParamsInternal(Object(ClubListController), Object(ReflectionMethod), Array)
#12 F:\Academic\CodeSpace\PHP\hsyii\framework\web\CController.php(308): CInlineAction->runWithParams(Array)
#13 F:\Academic\CodeSpace\PHP\hsyii\framework\web\CController.php(286): CController->runAction(Object(CInlineAction))
#14 F:\Academic\CodeSpace\PHP\hsyii\framework\web\CController.php(265): CController->runActionWithFilters(Object(CInlineAction), Array)
#15 F:\Academic\CodeSpace\PHP\hsyii\framework\web\CWebApplication.php(282): CController->run('index')
#16 F:\Academic\CodeSpace\PHP\hsyii\framework\web\CWebApplication.php(141): CWebApplication->runController('clubList/index')
#17 F:\Academic\CodeSpace\PHP\hsyii\framework\base\CApplication.php(185): CWebApplication->processRequest()
#18 F:\Academic\CodeSpace\PHP\hsyii\index.php(33): CApplication->run()
#19 {main}
REQUEST_URI=/index.php?r=clubList/index
HTTP_REFERER=http://yii.demo/
---
2019/11/04 15:45:44 [error] [exception.CDbException] SQLSTATE[HY000] [1045] Access denied for user 'root'@'localhost' (using password: YES)
2019/11/04 15:45:44 [error] [exception.CDbException] CDbException: CDbConnection failed to open the DB connection. in F:\Academic\CodeSpace\PHP\hsyii\framework\db\CDbConnection.php:405
Stack trace:
#0 F:\Academic\CodeSpace\PHP\hsyii\framework\db\CDbConnection.php(347): CDbConnection->open()
#1 F:\Academic\CodeSpace\PHP\hsyii\framework\db\CDbConnection.php(325): CDbConnection->setActive(true)
#2 F:\Academic\CodeSpace\PHP\hsyii\framework\base\CModule.php(394): CDbConnection->init()
#3 F:\Academic\CodeSpace\PHP\hsyii\framework\base\CApplication.php(459): CModule->getComponent('db')
#4 F:\Academic\CodeSpace\PHP\hsyii\framework\db\ar\CActiveRecord.php(639): CApplication->getDb()
#5 F:\Academic\CodeSpace\PHP\hsyii\framework\db\ar\CActiveRecord.php(672): CActiveRecord->getDbConnection()
#6 F:\Academic\CodeSpace\PHP\hsyii\framework\db\ar\CActiveRecord.php(1604): CActiveRecord->getCommandBuilder()
#7 F:\Academic\CodeSpace\PHP\hsyii\admin\components\BaseController.php(62): CActiveRecord->count(Object(CDbCriteria))
#8 F:\Academic\CodeSpace\PHP\hsyii\admin\controllers\ClubListController.php(55): BaseController->_list(Object(ClubList), Object(CDbCriteria), 'index', Array)
#9 [internal function]: ClubListController->actionIndex('')
#10 F:\Academic\CodeSpace\PHP\hsyii\framework\web\actions\CAction.php(109): ReflectionMethod->invokeArgs(Object(ClubListController), Array)
#11 F:\Academic\CodeSpace\PHP\hsyii\framework\web\actions\CInlineAction.php(47): CAction->runWithParamsInternal(Object(ClubListController), Object(ReflectionMethod), Array)
#12 F:\Academic\CodeSpace\PHP\hsyii\framework\web\CController.php(308): CInlineAction->runWithParams(Array)
#13 F:\Academic\CodeSpace\PHP\hsyii\framework\web\CController.php(286): CController->runAction(Object(CInlineAction))
#14 F:\Academic\CodeSpace\PHP\hsyii\framework\web\CController.php(265): CController->runActionWithFilters(Object(CInlineAction), Array)
#15 F:\Academic\CodeSpace\PHP\hsyii\framework\web\CWebApplication.php(282): CController->run('index')
#16 F:\Academic\CodeSpace\PHP\hsyii\framework\web\CWebApplication.php(141): CWebApplication->runController('clubList/index')
#17 F:\Academic\CodeSpace\PHP\hsyii\framework\base\CApplication.php(185): CWebApplication->processRequest()
#18 F:\Academic\CodeSpace\PHP\hsyii\index.php(33): CApplication->run()
#19 {main}
REQUEST_URI=/index.php?r=clubList/index
HTTP_REFERER=http://yii.demo/
---
2019/11/04 15:45:45 [error] [exception.CDbException] SQLSTATE[HY000] [1045] Access denied for user 'root'@'localhost' (using password: YES)
2019/11/04 15:45:45 [error] [exception.CDbException] CDbException: CDbConnection failed to open the DB connection. in F:\Academic\CodeSpace\PHP\hsyii\framework\db\CDbConnection.php:405
Stack trace:
#0 F:\Academic\CodeSpace\PHP\hsyii\framework\db\CDbConnection.php(347): CDbConnection->open()
#1 F:\Academic\CodeSpace\PHP\hsyii\framework\db\CDbConnection.php(325): CDbConnection->setActive(true)
#2 F:\Academic\CodeSpace\PHP\hsyii\framework\base\CModule.php(394): CDbConnection->init()
#3 F:\Academic\CodeSpace\PHP\hsyii\framework\base\CApplication.php(459): CModule->getComponent('db')
#4 F:\Academic\CodeSpace\PHP\hsyii\framework\db\ar\CActiveRecord.php(639): CApplication->getDb()
#5 F:\Academic\CodeSpace\PHP\hsyii\framework\db\ar\CActiveRecord.php(672): CActiveRecord->getDbConnection()
#6 F:\Academic\CodeSpace\PHP\hsyii\framework\db\ar\CActiveRecord.php(1604): CActiveRecord->getCommandBuilder()
#7 F:\Academic\CodeSpace\PHP\hsyii\admin\components\BaseController.php(62): CActiveRecord->count(Object(CDbCriteria))
#8 F:\Academic\CodeSpace\PHP\hsyii\admin\controllers\ClubListController.php(55): BaseController->_list(Object(ClubList), Object(CDbCriteria), 'index', Array)
#9 [internal function]: ClubListController->actionIndex('')
#10 F:\Academic\CodeSpace\PHP\hsyii\framework\web\actions\CAction.php(109): ReflectionMethod->invokeArgs(Object(ClubListController), Array)
#11 F:\Academic\CodeSpace\PHP\hsyii\framework\web\actions\CInlineAction.php(47): CAction->runWithParamsInternal(Object(ClubListController), Object(ReflectionMethod), Array)
#12 F:\Academic\CodeSpace\PHP\hsyii\framework\web\CController.php(308): CInlineAction->runWithParams(Array)
#13 F:\Academic\CodeSpace\PHP\hsyii\framework\web\CController.php(286): CController->runAction(Object(CInlineAction))
#14 F:\Academic\CodeSpace\PHP\hsyii\framework\web\CController.php(265): CController->runActionWithFilters(Object(CInlineAction), Array)
#15 F:\Academic\CodeSpace\PHP\hsyii\framework\web\CWebApplication.php(282): CController->run('index')
#16 F:\Academic\CodeSpace\PHP\hsyii\framework\web\CWebApplication.php(141): CWebApplication->runController('clubList/index')
#17 F:\Academic\CodeSpace\PHP\hsyii\framework\base\CApplication.php(185): CWebApplication->processRequest()
#18 F:\Academic\CodeSpace\PHP\hsyii\index.php(33): CApplication->run()
#19 {main}
REQUEST_URI=/index.php?r=clubList/index
HTTP_REFERER=http://yii.demo/
---
2019/11/18 15:09:42 [error] [exception.CDbException] SQLSTATE[HY000] [1045] Access denied for user 'root'@'localhost' (using password: YES)
2019/11/18 15:09:42 [error] [exception.CDbException] CDbException: CDbConnection failed to open the DB connection. in F:\Academic\CodeSpace\PHP\hsyii\framework\db\CDbConnection.php:405
Stack trace:
#0 F:\Academic\CodeSpace\PHP\hsyii\framework\db\CDbConnection.php(347): CDbConnection->open()
#1 F:\Academic\CodeSpace\PHP\hsyii\framework\db\CDbConnection.php(325): CDbConnection->setActive(true)
#2 F:\Academic\CodeSpace\PHP\hsyii\framework\base\CModule.php(394): CDbConnection->init()
#3 F:\Academic\CodeSpace\PHP\hsyii\framework\base\CApplication.php(459): CModule->getComponent('db')
#4 F:\Academic\CodeSpace\PHP\hsyii\framework\db\ar\CActiveRecord.php(639): CApplication->getDb()
#5 F:\Academic\CodeSpace\PHP\hsyii\framework\db\ar\CActiveRecord.php(672): CActiveRecord->getDbConnection()
#6 F:\Academic\CodeSpace\PHP\hsyii\framework\db\ar\CActiveRecord.php(1604): CActiveRecord->getCommandBuilder()
#7 F:\Academic\CodeSpace\PHP\hsyii\admin\components\BaseController.php(62): CActiveRecord->count(Object(CDbCriteria))
#8 F:\Academic\CodeSpace\PHP\hsyii\admin\controllers\ClubListController.php(55): BaseController->_list(Object(ClubList), Object(CDbCriteria), 'index', Array)
#9 [internal function]: ClubListController->actionIndex('')
#10 F:\Academic\CodeSpace\PHP\hsyii\framework\web\actions\CAction.php(109): ReflectionMethod->invokeArgs(Object(ClubListController), Array)
#11 F:\Academic\CodeSpace\PHP\hsyii\framework\web\actions\CInlineAction.php(47): CAction->runWithParamsInternal(Object(ClubListController), Object(ReflectionMethod), Array)
#12 F:\Academic\CodeSpace\PHP\hsyii\framework\web\CController.php(308): CInlineAction->runWithParams(Array)
#13 F:\Academic\CodeSpace\PHP\hsyii\framework\web\CController.php(286): CController->runAction(Object(CInlineAction))
#14 F:\Academic\CodeSpace\PHP\hsyii\framework\web\CController.php(265): CController->runActionWithFilters(Object(CInlineAction), Array)
#15 F:\Academic\CodeSpace\PHP\hsyii\framework\web\CWebApplication.php(282): CController->run('index')
#16 F:\Academic\CodeSpace\PHP\hsyii\framework\web\CWebApplication.php(141): CWebApplication->runController('clubList/index')
#17 F:\Academic\CodeSpace\PHP\hsyii\framework\base\CApplication.php(185): CWebApplication->processRequest()
#18 F:\Academic\CodeSpace\PHP\hsyii\index.php(33): CApplication->run()
#19 {main}
REQUEST_URI=/index.php?r=clubList/index
HTTP_REFERER=http://yii.demo/
---
2019/11/18 15:09:43 [error] [exception.CDbException] SQLSTATE[HY000] [1045] Access denied for user 'root'@'localhost' (using password: YES)
2019/11/18 15:09:43 [error] [exception.CDbException] CDbException: CDbConnection failed to open the DB connection. in F:\Academic\CodeSpace\PHP\hsyii\framework\db\CDbConnection.php:405
Stack trace:
#0 F:\Academic\CodeSpace\PHP\hsyii\framework\db\CDbConnection.php(347): CDbConnection->open()
#1 F:\Academic\CodeSpace\PHP\hsyii\framework\db\CDbConnection.php(325): CDbConnection->setActive(true)
#2 F:\Academic\CodeSpace\PHP\hsyii\framework\base\CModule.php(394): CDbConnection->init()
#3 F:\Academic\CodeSpace\PHP\hsyii\framework\base\CApplication.php(459): CModule->getComponent('db')
#4 F:\Academic\CodeSpace\PHP\hsyii\framework\db\ar\CActiveRecord.php(639): CApplication->getDb()
#5 F:\Academic\CodeSpace\PHP\hsyii\framework\db\ar\CActiveRecord.php(672): CActiveRecord->getDbConnection()
#6 F:\Academic\CodeSpace\PHP\hsyii\framework\db\ar\CActiveRecord.php(1604): CActiveRecord->getCommandBuilder()
#7 F:\Academic\CodeSpace\PHP\hsyii\admin\components\BaseController.php(62): CActiveRecord->count(Object(CDbCriteria))
#8 F:\Academic\CodeSpace\PHP\hsyii\admin\controllers\ClubListController.php(55): BaseController->_list(Object(ClubList), Object(CDbCriteria), 'index', Array)
#9 [internal function]: ClubListController->actionIndex('')
#10 F:\Academic\CodeSpace\PHP\hsyii\framework\web\actions\CAction.php(109): ReflectionMethod->invokeArgs(Object(ClubListController), Array)
#11 F:\Academic\CodeSpace\PHP\hsyii\framework\web\actions\CInlineAction.php(47): CAction->runWithParamsInternal(Object(ClubListController), Object(ReflectionMethod), Array)
#12 F:\Academic\CodeSpace\PHP\hsyii\framework\web\CController.php(308): CInlineAction->runWithParams(Array)
#13 F:\Academic\CodeSpace\PHP\hsyii\framework\web\CController.php(286): CController->runAction(Object(CInlineAction))
#14 F:\Academic\CodeSpace\PHP\hsyii\framework\web\CController.php(265): CController->runActionWithFilters(Object(CInlineAction), Array)
#15 F:\Academic\CodeSpace\PHP\hsyii\framework\web\CWebApplication.php(282): CController->run('index')
#16 F:\Academic\CodeSpace\PHP\hsyii\framework\web\CWebApplication.php(141): CWebApplication->runController('clubList/index')
#17 F:\Academic\CodeSpace\PHP\hsyii\framework\base\CApplication.php(185): CWebApplication->processRequest()
#18 F:\Academic\CodeSpace\PHP\hsyii\index.php(33): CApplication->run()
#19 {main}
REQUEST_URI=/index.php?r=clubList/index
HTTP_REFERER=http://yii.demo/
---
2019/11/18 15:09:44 [error] [exception.CDbException] SQLSTATE[HY000] [1045] Access denied for user 'root'@'localhost' (using password: YES)
2019/11/18 15:09:44 [error] [exception.CDbException] CDbException: CDbConnection failed to open the DB connection. in F:\Academic\CodeSpace\PHP\hsyii\framework\db\CDbConnection.php:405
Stack trace:
#0 F:\Academic\CodeSpace\PHP\hsyii\framework\db\CDbConnection.php(347): CDbConnection->open()
#1 F:\Academic\CodeSpace\PHP\hsyii\framework\db\CDbConnection.php(325): CDbConnection->setActive(true)
#2 F:\Academic\CodeSpace\PHP\hsyii\framework\base\CModule.php(394): CDbConnection->init()
#3 F:\Academic\CodeSpace\PHP\hsyii\framework\base\CApplication.php(459): CModule->getComponent('db')
#4 F:\Academic\CodeSpace\PHP\hsyii\framework\db\ar\CActiveRecord.php(639): CApplication->getDb()
#5 F:\Academic\CodeSpace\PHP\hsyii\framework\db\ar\CActiveRecord.php(672): CActiveRecord->getDbConnection()
#6 F:\Academic\CodeSpace\PHP\hsyii\framework\db\ar\CActiveRecord.php(1604): CActiveRecord->getCommandBuilder()
#7 F:\Academic\CodeSpace\PHP\hsyii\admin\components\BaseController.php(62): CActiveRecord->count(Object(CDbCriteria))
#8 F:\Academic\CodeSpace\PHP\hsyii\admin\controllers\ClubListController.php(55): BaseController->_list(Object(ClubList), Object(CDbCriteria), 'index', Array)
#9 [internal function]: ClubListController->actionIndex('')
#10 F:\Academic\CodeSpace\PHP\hsyii\framework\web\actions\CAction.php(109): ReflectionMethod->invokeArgs(Object(ClubListController), Array)
#11 F:\Academic\CodeSpace\PHP\hsyii\framework\web\actions\CInlineAction.php(47): CAction->runWithParamsInternal(Object(ClubListController), Object(ReflectionMethod), Array)
#12 F:\Academic\CodeSpace\PHP\hsyii\framework\web\CController.php(308): CInlineAction->runWithParams(Array)
#13 F:\Academic\CodeSpace\PHP\hsyii\framework\web\CController.php(286): CController->runAction(Object(CInlineAction))
#14 F:\Academic\CodeSpace\PHP\hsyii\framework\web\CController.php(265): CController->runActionWithFilters(Object(CInlineAction), Array)
#15 F:\Academic\CodeSpace\PHP\hsyii\framework\web\CWebApplication.php(282): CController->run('index')
#16 F:\Academic\CodeSpace\PHP\hsyii\framework\web\CWebApplication.php(141): CWebApplication->runController('clubList/index')
#17 F:\Academic\CodeSpace\PHP\hsyii\framework\base\CApplication.php(185): CWebApplication->processRequest()
#18 F:\Academic\CodeSpace\PHP\hsyii\index.php(33): CApplication->run()
#19 {main}
REQUEST_URI=/index.php?r=clubList/index
HTTP_REFERER=http://yii.demo/
---
2019/11/18 15:09:45 [error] [exception.CDbException] SQLSTATE[HY000] [1045] Access denied for user 'root'@'localhost' (using password: YES)
2019/11/18 15:09:45 [error] [exception.CDbException] CDbException: CDbConnection failed to open the DB connection. in F:\Academic\CodeSpace\PHP\hsyii\framework\db\CDbConnection.php:405
Stack trace:
#0 F:\Academic\CodeSpace\PHP\hsyii\framework\db\CDbConnection.php(347): CDbConnection->open()
#1 F:\Academic\CodeSpace\PHP\hsyii\framework\db\CDbConnection.php(325): CDbConnection->setActive(true)
#2 F:\Academic\CodeSpace\PHP\hsyii\framework\base\CModule.php(394): CDbConnection->init()
#3 F:\Academic\CodeSpace\PHP\hsyii\framework\base\CApplication.php(459): CModule->getComponent('db')
#4 F:\Academic\CodeSpace\PHP\hsyii\framework\db\ar\CActiveRecord.php(639): CApplication->getDb()
#5 F:\Academic\CodeSpace\PHP\hsyii\framework\db\ar\CActiveRecord.php(672): CActiveRecord->getDbConnection()
#6 F:\Academic\CodeSpace\PHP\hsyii\framework\db\ar\CActiveRecord.php(1604): CActiveRecord->getCommandBuilder()
#7 F:\Academic\CodeSpace\PHP\hsyii\admin\components\BaseController.php(62): CActiveRecord->count(Object(CDbCriteria))
#8 F:\Academic\CodeSpace\PHP\hsyii\admin\controllers\ClubListController.php(55): BaseController->_list(Object(ClubList), Object(CDbCriteria), 'index', Array)
#9 [internal function]: ClubListController->actionIndex('')
#10 F:\Academic\CodeSpace\PHP\hsyii\framework\web\actions\CAction.php(109): ReflectionMethod->invokeArgs(Object(ClubListController), Array)
#11 F:\Academic\CodeSpace\PHP\hsyii\framework\web\actions\CInlineAction.php(47): CAction->runWithParamsInternal(Object(ClubListController), Object(ReflectionMethod), Array)
#12 F:\Academic\CodeSpace\PHP\hsyii\framework\web\CController.php(308): CInlineAction->runWithParams(Array)
#13 F:\Academic\CodeSpace\PHP\hsyii\framework\web\CController.php(286): CController->runAction(Object(CInlineAction))
#14 F:\Academic\CodeSpace\PHP\hsyii\framework\web\CController.php(265): CController->runActionWithFilters(Object(CInlineAction), Array)
#15 F:\Academic\CodeSpace\PHP\hsyii\framework\web\CWebApplication.php(282): CController->run('index')
#16 F:\Academic\CodeSpace\PHP\hsyii\framework\web\CWebApplication.php(141): CWebApplication->runController('clubList/index')
#17 F:\Academic\CodeSpace\PHP\hsyii\framework\base\CApplication.php(185): CWebApplication->processRequest()
#18 F:\Academic\CodeSpace\PHP\hsyii\index.php(33): CApplication->run()
#19 {main}
REQUEST_URI=/index.php?r=clubList/index
HTTP_REFERER=http://yii.demo/
---
2019/11/18 15:09:47 [error] [php] include(Teacher.php): failed to open stream: No such file or directory (F:\Academic\CodeSpace\PHP\hsyii\framework\YiiBase.php:432)
Stack trace:
#0 F:\Academic\CodeSpace\PHP\hsyii\admin\controllers\IndexController.php(23): spl_autoload_call()
#1 F:\Academic\CodeSpace\PHP\hsyii\admin\controllers\IndexController.php(18): IndexController->login_form()
#2 F:\Academic\CodeSpace\PHP\hsyii\framework\web\actions\CInlineAction.php(49): IndexController->actionLogout()
#3 F:\Academic\CodeSpace\PHP\hsyii\framework\web\CController.php(308): CInlineAction->runWithParams()
#4 F:\Academic\CodeSpace\PHP\hsyii\framework\web\CController.php(286): IndexController->runAction()
#5 F:\Academic\CodeSpace\PHP\hsyii\framework\web\CController.php(265): IndexController->runActionWithFilters()
#6 F:\Academic\CodeSpace\PHP\hsyii\framework\web\CWebApplication.php(282): IndexController->run()
#7 F:\Academic\CodeSpace\PHP\hsyii\framework\web\CWebApplication.php(141): CWebApplication->runController()
#8 F:\Academic\CodeSpace\PHP\hsyii\framework\base\CApplication.php(185): CWebApplication->processRequest()
#9 F:\Academic\CodeSpace\PHP\hsyii\index.php(33): CWebApplication->run()
REQUEST_URI=/index.php?r=index/logout
2019/11/18 15:09:51 [error] [php] include(Teacher.php): failed to open stream: No such file or directory (F:\Academic\CodeSpace\PHP\hsyii\framework\YiiBase.php:432)
Stack trace:
#0 F:\Academic\CodeSpace\PHP\hsyii\admin\controllers\IndexController.php(23): spl_autoload_call()
#1 F:\Academic\CodeSpace\PHP\hsyii\admin\controllers\IndexController.php(18): IndexController->login_form()
#2 F:\Academic\CodeSpace\PHP\hsyii\framework\web\actions\CInlineAction.php(49): IndexController->actionLogout()
#3 F:\Academic\CodeSpace\PHP\hsyii\framework\web\CController.php(308): CInlineAction->runWithParams()
#4 F:\Academic\CodeSpace\PHP\hsyii\framework\web\CController.php(286): IndexController->runAction()
#5 F:\Academic\CodeSpace\PHP\hsyii\framework\web\CController.php(265): IndexController->runActionWithFilters()
#6 F:\Academic\CodeSpace\PHP\hsyii\framework\web\CWebApplication.php(282): IndexController->run()
#7 F:\Academic\CodeSpace\PHP\hsyii\framework\web\CWebApplication.php(141): CWebApplication->runController()
#8 F:\Academic\CodeSpace\PHP\hsyii\framework\base\CApplication.php(185): CWebApplication->processRequest()
#9 F:\Academic\CodeSpace\PHP\hsyii\index.php(33): CWebApplication->run()
REQUEST_URI=/index.php?r=index/logout
2019/11/18 15:09:52 [error] [exception.CDbException] SQLSTATE[HY000] [1045] Access denied for user 'root'@'localhost' (using password: YES)
2019/11/18 15:09:52 [error] [exception.CDbException] CDbException: CDbConnection failed to open the DB connection. in F:\Academic\CodeSpace\PHP\hsyii\framework\db\CDbConnection.php:405
Stack trace:
#0 F:\Academic\CodeSpace\PHP\hsyii\framework\db\CDbConnection.php(347): CDbConnection->open()
#1 F:\Academic\CodeSpace\PHP\hsyii\framework\db\CDbConnection.php(325): CDbConnection->setActive(true)
#2 F:\Academic\CodeSpace\PHP\hsyii\framework\base\CModule.php(394): CDbConnection->init()
#3 F:\Academic\CodeSpace\PHP\hsyii\framework\base\CApplication.php(459): CModule->getComponent('db')
#4 F:\Academic\CodeSpace\PHP\hsyii\framework\db\ar\CActiveRecord.php(639): CApplication->getDb()
#5 F:\Academic\CodeSpace\PHP\hsyii\framework\db\ar\CActiveRecord.php(672): CActiveRecord->getDbConnection()
#6 F:\Academic\CodeSpace\PHP\hsyii\framework\db\ar\CActiveRecord.php(1604): CActiveRecord->getCommandBuilder()
#7 F:\Academic\CodeSpace\PHP\hsyii\admin\components\BaseController.php(62): CActiveRecord->count(Object(CDbCriteria))
#8 F:\Academic\CodeSpace\PHP\hsyii\admin\controllers\ClubListController.php(55): BaseController->_list(Object(ClubList), Object(CDbCriteria), 'index', Array)
#9 [internal function]: ClubListController->actionIndex('')
#10 F:\Academic\CodeSpace\PHP\hsyii\framework\web\actions\CAction.php(109): ReflectionMethod->invokeArgs(Object(ClubListController), Array)
#11 F:\Academic\CodeSpace\PHP\hsyii\framework\web\actions\CInlineAction.php(47): CAction->runWithParamsInternal(Object(ClubListController), Object(ReflectionMethod), Array)
#12 F:\Academic\CodeSpace\PHP\hsyii\framework\web\CController.php(308): CInlineAction->runWithParams(Array)
#13 F:\Academic\CodeSpace\PHP\hsyii\framework\web\CController.php(286): CController->runAction(Object(CInlineAction))
#14 F:\Academic\CodeSpace\PHP\hsyii\framework\web\CController.php(265): CController->runActionWithFilters(Object(CInlineAction), Array)
#15 F:\Academic\CodeSpace\PHP\hsyii\framework\web\CWebApplication.php(282): CController->run('index')
#16 F:\Academic\CodeSpace\PHP\hsyii\framework\web\CWebApplication.php(141): CWebApplication->runController('clubList/index')
#17 F:\Academic\CodeSpace\PHP\hsyii\framework\base\CApplication.php(185): CWebApplication->processRequest()
#18 F:\Academic\CodeSpace\PHP\hsyii\index.php(33): CApplication->run()
#19 {main}
REQUEST_URI=/index.php?r=clubList/index
HTTP_REFERER=http://yii.demo/
---
2019/11/18 15:11:14 [error] [exception.CDbException] SQLSTATE[HY000] [1045] Access denied for user 'root'@'localhost' (using password: YES)
2019/11/18 15:11:14 [error] [exception.CDbException] CDbException: CDbConnection failed to open the DB connection. in F:\Academic\CodeSpace\PHP\hsyii\framework\db\CDbConnection.php:405
Stack trace:
#0 F:\Academic\CodeSpace\PHP\hsyii\framework\db\CDbConnection.php(347): CDbConnection->open()
#1 F:\Academic\CodeSpace\PHP\hsyii\framework\db\CDbConnection.php(325): CDbConnection->setActive(true)
#2 F:\Academic\CodeSpace\PHP\hsyii\framework\base\CModule.php(394): CDbConnection->init()
#3 F:\Academic\CodeSpace\PHP\hsyii\framework\base\CApplication.php(459): CModule->getComponent('db')
#4 F:\Academic\CodeSpace\PHP\hsyii\framework\db\ar\CActiveRecord.php(639): CApplication->getDb()
#5 F:\Academic\CodeSpace\PHP\hsyii\framework\db\ar\CActiveRecord.php(672): CActiveRecord->getDbConnection()
#6 F:\Academic\CodeSpace\PHP\hsyii\framework\db\ar\CActiveRecord.php(1604): CActiveRecord->getCommandBuilder()
#7 F:\Academic\CodeSpace\PHP\hsyii\admin\components\BaseController.php(62): CActiveRecord->count(Object(CDbCriteria))
#8 F:\Academic\CodeSpace\PHP\hsyii\admin\controllers\ClubListController.php(55): BaseController->_list(Object(ClubList), Object(CDbCriteria), 'index', Array)
#9 [internal function]: ClubListController->actionIndex('')
#10 F:\Academic\CodeSpace\PHP\hsyii\framework\web\actions\CAction.php(109): ReflectionMethod->invokeArgs(Object(ClubListController), Array)
#11 F:\Academic\CodeSpace\PHP\hsyii\framework\web\actions\CInlineAction.php(47): CAction->runWithParamsInternal(Object(ClubListController), Object(ReflectionMethod), Array)
#12 F:\Academic\CodeSpace\PHP\hsyii\framework\web\CController.php(308): CInlineAction->runWithParams(Array)
#13 F:\Academic\CodeSpace\PHP\hsyii\framework\web\CController.php(286): CController->runAction(Object(CInlineAction))
#14 F:\Academic\CodeSpace\PHP\hsyii\framework\web\CController.php(265): CController->runActionWithFilters(Object(CInlineAction), Array)
#15 F:\Academic\CodeSpace\PHP\hsyii\framework\web\CWebApplication.php(282): CController->run('index')
#16 F:\Academic\CodeSpace\PHP\hsyii\framework\web\CWebApplication.php(141): CWebApplication->runController('clubList/index')
#17 F:\Academic\CodeSpace\PHP\hsyii\framework\base\CApplication.php(185): CWebApplication->processRequest()
#18 F:\Academic\CodeSpace\PHP\hsyii\index.php(33): CApplication->run()
#19 {main}
REQUEST_URI=/index.php?r=clubList/index
HTTP_REFERER=http://yii.demo/
---
2019/11/18 15:11:21 [error] [exception.CDbException] SQLSTATE[HY000] [1045] Access denied for user 'root'@'localhost' (using password: YES)
2019/11/18 15:11:21 [error] [exception.CDbException] CDbException: CDbConnection failed to open the DB connection. in F:\Academic\CodeSpace\PHP\hsyii\framework\db\CDbConnection.php:405
Stack trace:
#0 F:\Academic\CodeSpace\PHP\hsyii\framework\db\CDbConnection.php(347): CDbConnection->open()
#1 F:\Academic\CodeSpace\PHP\hsyii\framework\db\CDbConnection.php(325): CDbConnection->setActive(true)
#2 F:\Academic\CodeSpace\PHP\hsyii\framework\base\CModule.php(394): CDbConnection->init()
#3 F:\Academic\CodeSpace\PHP\hsyii\framework\base\CApplication.php(459): CModule->getComponent('db')
#4 F:\Academic\CodeSpace\PHP\hsyii\framework\db\ar\CActiveRecord.php(639): CApplication->getDb()
#5 F:\Academic\CodeSpace\PHP\hsyii\framework\db\ar\CActiveRecord.php(672): CActiveRecord->getDbConnection()
#6 F:\Academic\CodeSpace\PHP\hsyii\framework\db\ar\CActiveRecord.php(1604): CActiveRecord->getCommandBuilder()
#7 F:\Academic\CodeSpace\PHP\hsyii\admin\components\BaseController.php(62): CActiveRecord->count(Object(CDbCriteria))
#8 F:\Academic\CodeSpace\PHP\hsyii\admin\controllers\ClubListController.php(55): BaseController->_list(Object(ClubList), Object(CDbCriteria), 'index', Array)
#9 [internal function]: ClubListController->actionIndex('')
#10 F:\Academic\CodeSpace\PHP\hsyii\framework\web\actions\CAction.php(109): ReflectionMethod->invokeArgs(Object(ClubListController), Array)
#11 F:\Academic\CodeSpace\PHP\hsyii\framework\web\actions\CInlineAction.php(47): CAction->runWithParamsInternal(Object(ClubListController), Object(ReflectionMethod), Array)
#12 F:\Academic\CodeSpace\PHP\hsyii\framework\web\CController.php(308): CInlineAction->runWithParams(Array)
#13 F:\Academic\CodeSpace\PHP\hsyii\framework\web\CController.php(286): CController->runAction(Object(CInlineAction))
#14 F:\Academic\CodeSpace\PHP\hsyii\framework\web\CController.php(265): CController->runActionWithFilters(Object(CInlineAction), Array)
#15 F:\Academic\CodeSpace\PHP\hsyii\framework\web\CWebApplication.php(282): CController->run('index')
#16 F:\Academic\CodeSpace\PHP\hsyii\framework\web\CWebApplication.php(141): CWebApplication->runController('clubList/index')
#17 F:\Academic\CodeSpace\PHP\hsyii\framework\base\CApplication.php(185): CWebApplication->processRequest()
#18 F:\Academic\CodeSpace\PHP\hsyii\index.php(33): CApplication->run()
#19 {main}
REQUEST_URI=/index.php?r=clubList/index
HTTP_REFERER=http://yii.demo/
---
2019/11/18 15:12:07 [error] [exception.CDbException] SQLSTATE[HY000] [1045] Access denied for user 'root'@'localhost' (using password: YES)
2019/11/18 15:12:07 [error] [exception.CDbException] CDbException: CDbConnection failed to open the DB connection. in F:\Academic\CodeSpace\PHP\hsyii\framework\db\CDbConnection.php:405
Stack trace:
#0 F:\Academic\CodeSpace\PHP\hsyii\framework\db\CDbConnection.php(347): CDbConnection->open()
#1 F:\Academic\CodeSpace\PHP\hsyii\framework\db\CDbConnection.php(325): CDbConnection->setActive(true)
#2 F:\Academic\CodeSpace\PHP\hsyii\framework\base\CModule.php(394): CDbConnection->init()
#3 F:\Academic\CodeSpace\PHP\hsyii\framework\base\CApplication.php(459): CModule->getComponent('db')
#4 F:\Academic\CodeSpace\PHP\hsyii\framework\db\ar\CActiveRecord.php(639): CApplication->getDb()
#5 F:\Academic\CodeSpace\PHP\hsyii\framework\db\ar\CActiveRecord.php(672): CActiveRecord->getDbConnection()
#6 F:\Academic\CodeSpace\PHP\hsyii\framework\db\ar\CActiveRecord.php(1604): CActiveRecord->getCommandBuilder()
#7 F:\Academic\CodeSpace\PHP\hsyii\admin\components\BaseController.php(62): CActiveRecord->count(Object(CDbCriteria))
#8 F:\Academic\CodeSpace\PHP\hsyii\admin\controllers\ClubListController.php(55): BaseController->_list(Object(ClubList), Object(CDbCriteria), 'index', Array)
#9 [internal function]: ClubListController->actionIndex('')
#10 F:\Academic\CodeSpace\PHP\hsyii\framework\web\actions\CAction.php(109): ReflectionMethod->invokeArgs(Object(ClubListController), Array)
#11 F:\Academic\CodeSpace\PHP\hsyii\framework\web\actions\CInlineAction.php(47): CAction->runWithParamsInternal(Object(ClubListController), Object(ReflectionMethod), Array)
#12 F:\Academic\CodeSpace\PHP\hsyii\framework\web\CController.php(308): CInlineAction->runWithParams(Array)
#13 F:\Academic\CodeSpace\PHP\hsyii\framework\web\CController.php(286): CController->runAction(Object(CInlineAction))
#14 F:\Academic\CodeSpace\PHP\hsyii\framework\web\CController.php(265): CController->runActionWithFilters(Object(CInlineAction), Array)
#15 F:\Academic\CodeSpace\PHP\hsyii\framework\web\CWebApplication.php(282): CController->run('index')
#16 F:\Academic\CodeSpace\PHP\hsyii\framework\web\CWebApplication.php(141): CWebApplication->runController('clubList/index')
#17 F:\Academic\CodeSpace\PHP\hsyii\framework\base\CApplication.php(185): CWebApplication->processRequest()
#18 F:\Academic\CodeSpace\PHP\hsyii\index.php(33): CApplication->run()
#19 {main}
REQUEST_URI=/index.php?r=clubList/index
HTTP_REFERER=http://yii.demo/
---
2019/11/18 15:12:25 [error] [exception.CDbException] SQLSTATE[HY000] [1045] Access denied for user 'root'@'localhost' (using password: YES)
2019/11/18 15:12:25 [error] [exception.CDbException] CDbException: CDbConnection failed to open the DB connection. in F:\Academic\CodeSpace\PHP\hsyii\framework\db\CDbConnection.php:405
Stack trace:
#0 F:\Academic\CodeSpace\PHP\hsyii\framework\db\CDbConnection.php(347): CDbConnection->open()
#1 F:\Academic\CodeSpace\PHP\hsyii\framework\db\CDbConnection.php(325): CDbConnection->setActive(true)
#2 F:\Academic\CodeSpace\PHP\hsyii\framework\base\CModule.php(394): CDbConnection->init()
#3 F:\Academic\CodeSpace\PHP\hsyii\framework\base\CApplication.php(459): CModule->getComponent('db')
#4 F:\Academic\CodeSpace\PHP\hsyii\framework\db\ar\CActiveRecord.php(639): CApplication->getDb()
#5 F:\Academic\CodeSpace\PHP\hsyii\framework\db\ar\CActiveRecord.php(672): CActiveRecord->getDbConnection()
#6 F:\Academic\CodeSpace\PHP\hsyii\framework\db\ar\CActiveRecord.php(1604): CActiveRecord->getCommandBuilder()
#7 F:\Academic\CodeSpace\PHP\hsyii\admin\components\BaseController.php(62): CActiveRecord->count(Object(CDbCriteria))
#8 F:\Academic\CodeSpace\PHP\hsyii\admin\controllers\ClubListController.php(55): BaseController->_list(Object(ClubList), Object(CDbCriteria), 'index', Array)
#9 [internal function]: ClubListController->actionIndex('')
#10 F:\Academic\CodeSpace\PHP\hsyii\framework\web\actions\CAction.php(109): ReflectionMethod->invokeArgs(Object(ClubListController), Array)
#11 F:\Academic\CodeSpace\PHP\hsyii\framework\web\actions\CInlineAction.php(47): CAction->runWithParamsInternal(Object(ClubListController), Object(ReflectionMethod), Array)
#12 F:\Academic\CodeSpace\PHP\hsyii\framework\web\CController.php(308): CInlineAction->runWithParams(Array)
#13 F:\Academic\CodeSpace\PHP\hsyii\framework\web\CController.php(286): CController->runAction(Object(CInlineAction))
#14 F:\Academic\CodeSpace\PHP\hsyii\framework\web\CController.php(265): CController->runActionWithFilters(Object(CInlineAction), Array)
#15 F:\Academic\CodeSpace\PHP\hsyii\framework\web\CWebApplication.php(282): CController->run('index')
#16 F:\Academic\CodeSpace\PHP\hsyii\framework\web\CWebApplication.php(141): CWebApplication->runController('clubList/index')
#17 F:\Academic\CodeSpace\PHP\hsyii\framework\base\CApplication.php(185): CWebApplication->processRequest()
#18 F:\Academic\CodeSpace\PHP\hsyii\index.php(33): CApplication->run()
#19 {main}
REQUEST_URI=/index.php?r=clubList/index
HTTP_REFERER=http://yii.demo/
---
2019/11/19 01:11:36 [error] [exception.CDbException] SQLSTATE[HY000] [1045] Access denied for user 'root'@'localhost' (using password: YES)
2019/11/19 01:11:36 [error] [exception.CDbException] CDbException: CDbConnection failed to open the DB connection. in F:\Academic\CodeSpace\PHP\hsyii\framework\db\CDbConnection.php:405
Stack trace:
#0 F:\Academic\CodeSpace\PHP\hsyii\framework\db\CDbConnection.php(347): CDbConnection->open()
#1 F:\Academic\CodeSpace\PHP\hsyii\framework\db\CDbConnection.php(325): CDbConnection->setActive(true)
#2 F:\Academic\CodeSpace\PHP\hsyii\framework\base\CModule.php(394): CDbConnection->init()
#3 F:\Academic\CodeSpace\PHP\hsyii\framework\base\CApplication.php(459): CModule->getComponent('db')
#4 F:\Academic\CodeSpace\PHP\hsyii\framework\db\ar\CActiveRecord.php(639): CApplication->getDb()
#5 F:\Academic\CodeSpace\PHP\hsyii\framework\db\ar\CActiveRecord.php(672): CActiveRecord->getDbConnection()
#6 F:\Academic\CodeSpace\PHP\hsyii\framework\db\ar\CActiveRecord.php(1604): CActiveRecord->getCommandBuilder()
#7 F:\Academic\CodeSpace\PHP\hsyii\admin\components\BaseController.php(62): CActiveRecord->count(Object(CDbCriteria))
#8 F:\Academic\CodeSpace\PHP\hsyii\admin\controllers\ClubListController.php(55): BaseController->_list(Object(ClubList), Object(CDbCriteria), 'index', Array)
#9 [internal function]: ClubListController->actionIndex('')
#10 F:\Academic\CodeSpace\PHP\hsyii\framework\web\actions\CAction.php(109): ReflectionMethod->invokeArgs(Object(ClubListController), Array)
#11 F:\Academic\CodeSpace\PHP\hsyii\framework\web\actions\CInlineAction.php(47): CAction->runWithParamsInternal(Object(ClubListController), Object(ReflectionMethod), Array)
#12 F:\Academic\CodeSpace\PHP\hsyii\framework\web\CController.php(308): CInlineAction->runWithParams(Array)
#13 F:\Academic\CodeSpace\PHP\hsyii\framework\web\CController.php(286): CController->runAction(Object(CInlineAction))
#14 F:\Academic\CodeSpace\PHP\hsyii\framework\web\CController.php(265): CController->runActionWithFilters(Object(CInlineAction), Array)
#15 F:\Academic\CodeSpace\PHP\hsyii\framework\web\CWebApplication.php(282): CController->run('index')
#16 F:\Academic\CodeSpace\PHP\hsyii\framework\web\CWebApplication.php(141): CWebApplication->runController('clubList/index')
#17 F:\Academic\CodeSpace\PHP\hsyii\framework\base\CApplication.php(185): CWebApplication->processRequest()
#18 F:\Academic\CodeSpace\PHP\hsyii\index.php(33): CApplication->run()
#19 {main}
REQUEST_URI=/index.php?r=clubList/index
HTTP_REFERER=http://yii.demo/
---
2019/11/19 01:14:14 [error] [exception.CDbException] SQLSTATE[HY000] [1045] Access denied for user 'root'@'localhost' (using password: YES)
2019/11/19 01:14:14 [error] [exception.CDbException] CDbException: CDbConnection failed to open the DB connection. in F:\Academic\CodeSpace\PHP\hsyii\framework\db\CDbConnection.php:405
Stack trace:
#0 F:\Academic\CodeSpace\PHP\hsyii\framework\db\CDbConnection.php(347): CDbConnection->open()
#1 F:\Academic\CodeSpace\PHP\hsyii\framework\db\CDbConnection.php(325): CDbConnection->setActive(true)
#2 F:\Academic\CodeSpace\PHP\hsyii\framework\base\CModule.php(394): CDbConnection->init()
#3 F:\Academic\CodeSpace\PHP\hsyii\framework\base\CApplication.php(459): CModule->getComponent('db')
#4 F:\Academic\CodeSpace\PHP\hsyii\framework\db\ar\CActiveRecord.php(639): CApplication->getDb()
#5 F:\Academic\CodeSpace\PHP\hsyii\framework\db\ar\CActiveRecord.php(672): CActiveRecord->getDbConnection()
#6 F:\Academic\CodeSpace\PHP\hsyii\framework\db\ar\CActiveRecord.php(1604): CActiveRecord->getCommandBuilder()
#7 F:\Academic\CodeSpace\PHP\hsyii\admin\components\BaseController.php(62): CActiveRecord->count(Object(CDbCriteria))
#8 F:\Academic\CodeSpace\PHP\hsyii\admin\controllers\ClubListController.php(55): BaseController->_list(Object(ClubList), Object(CDbCriteria), 'index', Array)
#9 [internal function]: ClubListController->actionIndex('')
#10 F:\Academic\CodeSpace\PHP\hsyii\framework\web\actions\CAction.php(109): ReflectionMethod->invokeArgs(Object(ClubListController), Array)
#11 F:\Academic\CodeSpace\PHP\hsyii\framework\web\actions\CInlineAction.php(47): CAction->runWithParamsInternal(Object(ClubListController), Object(ReflectionMethod), Array)
#12 F:\Academic\CodeSpace\PHP\hsyii\framework\web\CController.php(308): CInlineAction->runWithParams(Array)
#13 F:\Academic\CodeSpace\PHP\hsyii\framework\web\CController.php(286): CController->runAction(Object(CInlineAction))
#14 F:\Academic\CodeSpace\PHP\hsyii\framework\web\CController.php(265): CController->runActionWithFilters(Object(CInlineAction), Array)
#15 F:\Academic\CodeSpace\PHP\hsyii\framework\web\CWebApplication.php(282): CController->run('index')
#16 F:\Academic\CodeSpace\PHP\hsyii\framework\web\CWebApplication.php(141): CWebApplication->runController('clubList/index')
#17 F:\Academic\CodeSpace\PHP\hsyii\framework\base\CApplication.php(185): CWebApplication->processRequest()
#18 F:\Academic\CodeSpace\PHP\hsyii\index.php(33): CApplication->run()
#19 {main}
REQUEST_URI=/index.php?r=clubList/index
HTTP_REFERER=http://yii.demo/
---
2019/11/19 01:22:09 [error] [exception.CDbException] SQLSTATE[HY000] [1045] Access denied for user 'root'@'localhost' (using password: YES)
2019/11/19 01:22:09 [error] [exception.CDbException] CDbException: CDbConnection failed to open the DB connection. in F:\Academic\CodeSpace\PHP\hsyii\framework\db\CDbConnection.php:405
Stack trace:
#0 F:\Academic\CodeSpace\PHP\hsyii\framework\db\CDbConnection.php(347): CDbConnection->open()
#1 F:\Academic\CodeSpace\PHP\hsyii\framework\db\CDbConnection.php(325): CDbConnection->setActive(true)
#2 F:\Academic\CodeSpace\PHP\hsyii\framework\base\CModule.php(394): CDbConnection->init()
#3 F:\Academic\CodeSpace\PHP\hsyii\framework\base\CApplication.php(459): CModule->getComponent('db')
#4 F:\Academic\CodeSpace\PHP\hsyii\framework\db\ar\CActiveRecord.php(639): CApplication->getDb()
#5 F:\Academic\CodeSpace\PHP\hsyii\framework\db\ar\CActiveRecord.php(672): CActiveRecord->getDbConnection()
#6 F:\Academic\CodeSpace\PHP\hsyii\framework\db\ar\CActiveRecord.php(1604): CActiveRecord->getCommandBuilder()
#7 F:\Academic\CodeSpace\PHP\hsyii\admin\components\BaseController.php(62): CActiveRecord->count(Object(CDbCriteria))
#8 F:\Academic\CodeSpace\PHP\hsyii\admin\controllers\ClubListController.php(55): BaseController->_list(Object(ClubList), Object(CDbCriteria), 'index', Array)
#9 [internal function]: ClubListController->actionIndex('')
#10 F:\Academic\CodeSpace\PHP\hsyii\framework\web\actions\CAction.php(109): ReflectionMethod->invokeArgs(Object(ClubListController), Array)
#11 F:\Academic\CodeSpace\PHP\hsyii\framework\web\actions\CInlineAction.php(47): CAction->runWithParamsInternal(Object(ClubListController), Object(ReflectionMethod), Array)
#12 F:\Academic\CodeSpace\PHP\hsyii\framework\web\CController.php(308): CInlineAction->runWithParams(Array)
#13 F:\Academic\CodeSpace\PHP\hsyii\framework\web\CController.php(286): CController->runAction(Object(CInlineAction))
#14 F:\Academic\CodeSpace\PHP\hsyii\framework\web\CController.php(265): CController->runActionWithFilters(Object(CInlineAction), Array)
#15 F:\Academic\CodeSpace\PHP\hsyii\framework\web\CWebApplication.php(282): CController->run('index')
#16 F:\Academic\CodeSpace\PHP\hsyii\framework\web\CWebApplication.php(141): CWebApplication->runController('clubList/index')
#17 F:\Academic\CodeSpace\PHP\hsyii\framework\base\CApplication.php(185): CWebApplication->processRequest()
#18 F:\Academic\CodeSpace\PHP\hsyii\index.php(33): CApplication->run()
#19 {main}
REQUEST_URI=/index.php?r=clubList/index
HTTP_REFERER=http://yii.demo/
---
2019/11/19 01:31:17 [error] [php] include(Teacher.php): failed to open stream: No such file or directory (F:\Academic\CodeSpace\PHP\hsyii\framework\YiiBase.php:432)
Stack trace:
#0 F:\Academic\CodeSpace\PHP\hsyii\admin\controllers\IndexController.php(23): spl_autoload_call()
#1 F:\Academic\CodeSpace\PHP\hsyii\admin\controllers\IndexController.php(18): IndexController->login_form()
#2 F:\Academic\CodeSpace\PHP\hsyii\framework\web\actions\CInlineAction.php(49): IndexController->actionLogout()
#3 F:\Academic\CodeSpace\PHP\hsyii\framework\web\CController.php(308): CInlineAction->runWithParams()
#4 F:\Academic\CodeSpace\PHP\hsyii\framework\web\CController.php(286): IndexController->runAction()
#5 F:\Academic\CodeSpace\PHP\hsyii\framework\web\CController.php(265): IndexController->runActionWithFilters()
#6 F:\Academic\CodeSpace\PHP\hsyii\framework\web\CWebApplication.php(282): IndexController->run()
#7 F:\Academic\CodeSpace\PHP\hsyii\framework\web\CWebApplication.php(141): CWebApplication->runController()
#8 F:\Academic\CodeSpace\PHP\hsyii\framework\base\CApplication.php(185): CWebApplication->processRequest()
#9 F:\Academic\CodeSpace\PHP\hsyii\index.php(33): CWebApplication->run()
REQUEST_URI=/index.php?r=index/logout
2019/11/19 01:57:19 [error] [exception.CDbException] SQLSTATE[HY000] [1045] Access denied for user 'root'@'localhost' (using password: YES)
2019/11/19 01:57:19 [error] [exception.CDbException] CDbException: CDbConnection failed to open the DB connection. in F:\Academic\CodeSpace\PHP\hsyii\framework\db\CDbConnection.php:405
Stack trace:
#0 F:\Academic\CodeSpace\PHP\hsyii\framework\db\CDbConnection.php(347): CDbConnection->open()
#1 F:\Academic\CodeSpace\PHP\hsyii\framework\db\CDbConnection.php(325): CDbConnection->setActive(true)
#2 F:\Academic\CodeSpace\PHP\hsyii\framework\base\CModule.php(394): CDbConnection->init()
#3 F:\Academic\CodeSpace\PHP\hsyii\framework\base\CApplication.php(459): CModule->getComponent('db')
#4 F:\Academic\CodeSpace\PHP\hsyii\framework\db\ar\CActiveRecord.php(639): CApplication->getDb()
#5 F:\Academic\CodeSpace\PHP\hsyii\framework\db\ar\CActiveRecord.php(672): CActiveRecord->getDbConnection()
#6 F:\Academic\CodeSpace\PHP\hsyii\framework\db\ar\CActiveRecord.php(1604): CActiveRecord->getCommandBuilder()
#7 F:\Academic\CodeSpace\PHP\hsyii\admin\components\BaseController.php(62): CActiveRecord->count(Object(CDbCriteria))
#8 F:\Academic\CodeSpace\PHP\hsyii\admin\controllers\ClubListController.php(55): BaseController->_list(Object(ClubList), Object(CDbCriteria), 'index', Array)
#9 [internal function]: ClubListController->actionIndex('')
#10 F:\Academic\CodeSpace\PHP\hsyii\framework\web\actions\CAction.php(109): ReflectionMethod->invokeArgs(Object(ClubListController), Array)
#11 F:\Academic\CodeSpace\PHP\hsyii\framework\web\actions\CInlineAction.php(47): CAction->runWithParamsInternal(Object(ClubListController), Object(ReflectionMethod), Array)
#12 F:\Academic\CodeSpace\PHP\hsyii\framework\web\CController.php(308): CInlineAction->runWithParams(Array)
#13 F:\Academic\CodeSpace\PHP\hsyii\framework\web\CController.php(286): CController->runAction(Object(CInlineAction))
#14 F:\Academic\CodeSpace\PHP\hsyii\framework\web\CController.php(265): CController->runActionWithFilters(Object(CInlineAction), Array)
#15 F:\Academic\CodeSpace\PHP\hsyii\framework\web\CWebApplication.php(282): CController->run('index')
#16 F:\Academic\CodeSpace\PHP\hsyii\framework\web\CWebApplication.php(141): CWebApplication->runController('clubList/index')
#17 F:\Academic\CodeSpace\PHP\hsyii\framework\base\CApplication.php(185): CWebApplication->processRequest()
#18 F:\Academic\CodeSpace\PHP\hsyii\index.php(33): CApplication->run()
#19 {main}
REQUEST_URI=/index.php?r=clubList/index
HTTP_REFERER=http://yii.demo/
---
2019/11/19 01:57:20 [error] [exception.CDbException] SQLSTATE[HY000] [1045] Access denied for user 'root'@'localhost' (using password: YES)
2019/11/19 01:57:20 [error] [exception.CDbException] CDbException: CDbConnection failed to open the DB connection. in F:\Academic\CodeSpace\PHP\hsyii\framework\db\CDbConnection.php:405
Stack trace:
#0 F:\Academic\CodeSpace\PHP\hsyii\framework\db\CDbConnection.php(347): CDbConnection->open()
#1 F:\Academic\CodeSpace\PHP\hsyii\framework\db\CDbConnection.php(325): CDbConnection->setActive(true)
#2 F:\Academic\CodeSpace\PHP\hsyii\framework\base\CModule.php(394): CDbConnection->init()
#3 F:\Academic\CodeSpace\PHP\hsyii\framework\base\CApplication.php(459): CModule->getComponent('db')
#4 F:\Academic\CodeSpace\PHP\hsyii\framework\db\ar\CActiveRecord.php(639): CApplication->getDb()
#5 F:\Academic\CodeSpace\PHP\hsyii\framework\db\ar\CActiveRecord.php(672): CActiveRecord->getDbConnection()
#6 F:\Academic\CodeSpace\PHP\hsyii\framework\db\ar\CActiveRecord.php(1604): CActiveRecord->getCommandBuilder()
#7 F:\Academic\CodeSpace\PHP\hsyii\admin\components\BaseController.php(62): CActiveRecord->count(Object(CDbCriteria))
#8 F:\Academic\CodeSpace\PHP\hsyii\admin\controllers\ClubListController.php(55): BaseController->_list(Object(ClubList), Object(CDbCriteria), 'index', Array)
#9 [internal function]: ClubListController->actionIndex('')
#10 F:\Academic\CodeSpace\PHP\hsyii\framework\web\actions\CAction.php(109): ReflectionMethod->invokeArgs(Object(ClubListController), Array)
#11 F:\Academic\CodeSpace\PHP\hsyii\framework\web\actions\CInlineAction.php(47): CAction->runWithParamsInternal(Object(ClubListController), Object(ReflectionMethod), Array)
#12 F:\Academic\CodeSpace\PHP\hsyii\framework\web\CController.php(308): CInlineAction->runWithParams(Array)
#13 F:\Academic\CodeSpace\PHP\hsyii\framework\web\CController.php(286): CController->runAction(Object(CInlineAction))
#14 F:\Academic\CodeSpace\PHP\hsyii\framework\web\CController.php(265): CController->runActionWithFilters(Object(CInlineAction), Array)
#15 F:\Academic\CodeSpace\PHP\hsyii\framework\web\CWebApplication.php(282): CController->run('index')
#16 F:\Academic\CodeSpace\PHP\hsyii\framework\web\CWebApplication.php(141): CWebApplication->runController('clubList/index')
#17 F:\Academic\CodeSpace\PHP\hsyii\framework\base\CApplication.php(185): CWebApplication->processRequest()
#18 F:\Academic\CodeSpace\PHP\hsyii\index.php(33): CApplication->run()
#19 {main}
REQUEST_URI=/index.php?r=clubList/index
HTTP_REFERER=http://yii.demo/
---
2019/11/19 01:57:21 [error] [exception.CDbException] SQLSTATE[HY000] [1045] Access denied for user 'root'@'localhost' (using password: YES)
2019/11/19 01:57:21 [error] [exception.CDbException] CDbException: CDbConnection failed to open the DB connection. in F:\Academic\CodeSpace\PHP\hsyii\framework\db\CDbConnection.php:405
Stack trace:
#0 F:\Academic\CodeSpace\PHP\hsyii\framework\db\CDbConnection.php(347): CDbConnection->open()
#1 F:\Academic\CodeSpace\PHP\hsyii\framework\db\CDbConnection.php(325): CDbConnection->setActive(true)
#2 F:\Academic\CodeSpace\PHP\hsyii\framework\base\CModule.php(394): CDbConnection->init()
#3 F:\Academic\CodeSpace\PHP\hsyii\framework\base\CApplication.php(459): CModule->getComponent('db')
#4 F:\Academic\CodeSpace\PHP\hsyii\framework\db\ar\CActiveRecord.php(639): CApplication->getDb()
#5 F:\Academic\CodeSpace\PHP\hsyii\framework\db\ar\CActiveRecord.php(672): CActiveRecord->getDbConnection()
#6 F:\Academic\CodeSpace\PHP\hsyii\framework\db\ar\CActiveRecord.php(1604): CActiveRecord->getCommandBuilder()
#7 F:\Academic\CodeSpace\PHP\hsyii\admin\components\BaseController.php(62): CActiveRecord->count(Object(CDbCriteria))
#8 F:\Academic\CodeSpace\PHP\hsyii\admin\controllers\ClubListController.php(55): BaseController->_list(Object(ClubList), Object(CDbCriteria), 'index', Array)
#9 [internal function]: ClubListController->actionIndex('')
#10 F:\Academic\CodeSpace\PHP\hsyii\framework\web\actions\CAction.php(109): ReflectionMethod->invokeArgs(Object(ClubListController), Array)
#11 F:\Academic\CodeSpace\PHP\hsyii\framework\web\actions\CInlineAction.php(47): CAction->runWithParamsInternal(Object(ClubListController), Object(ReflectionMethod), Array)
#12 F:\Academic\CodeSpace\PHP\hsyii\framework\web\CController.php(308): CInlineAction->runWithParams(Array)
#13 F:\Academic\CodeSpace\PHP\hsyii\framework\web\CController.php(286): CController->runAction(Object(CInlineAction))
#14 F:\Academic\CodeSpace\PHP\hsyii\framework\web\CController.php(265): CController->runActionWithFilters(Object(CInlineAction), Array)
#15 F:\Academic\CodeSpace\PHP\hsyii\framework\web\CWebApplication.php(282): CController->run('index')
#16 F:\Academic\CodeSpace\PHP\hsyii\framework\web\CWebApplication.php(141): CWebApplication->runController('clubList/index')
#17 F:\Academic\CodeSpace\PHP\hsyii\framework\base\CApplication.php(185): CWebApplication->processRequest()
#18 F:\Academic\CodeSpace\PHP\hsyii\index.php(33): CApplication->run()
#19 {main}
REQUEST_URI=/index.php?r=clubList/index
HTTP_REFERER=http://yii.demo/
---
2019/11/19 01:57:27 [error] [exception.CDbException] SQLSTATE[HY000] [1045] Access denied for user 'root'@'localhost' (using password: YES)
2019/11/19 01:57:27 [error] [exception.CDbException] CDbException: CDbConnection failed to open the DB connection. in F:\Academic\CodeSpace\PHP\hsyii\framework\db\CDbConnection.php:405
Stack trace:
#0 F:\Academic\CodeSpace\PHP\hsyii\framework\db\CDbConnection.php(347): CDbConnection->open()
#1 F:\Academic\CodeSpace\PHP\hsyii\framework\db\CDbConnection.php(325): CDbConnection->setActive(true)
#2 F:\Academic\CodeSpace\PHP\hsyii\framework\base\CModule.php(394): CDbConnection->init()
#3 F:\Academic\CodeSpace\PHP\hsyii\framework\base\CApplication.php(459): CModule->getComponent('db')
#4 F:\Academic\CodeSpace\PHP\hsyii\framework\db\ar\CActiveRecord.php(639): CApplication->getDb()
#5 F:\Academic\CodeSpace\PHP\hsyii\framework\db\ar\CActiveRecord.php(672): CActiveRecord->getDbConnection()
#6 F:\Academic\CodeSpace\PHP\hsyii\framework\db\ar\CActiveRecord.php(1604): CActiveRecord->getCommandBuilder()
#7 F:\Academic\CodeSpace\PHP\hsyii\admin\components\BaseController.php(62): CActiveRecord->count(Object(CDbCriteria))
#8 F:\Academic\CodeSpace\PHP\hsyii\admin\controllers\ClubListController.php(55): BaseController->_list(Object(ClubList), Object(CDbCriteria), 'index', Array)
#9 [internal function]: ClubListController->actionIndex('')
#10 F:\Academic\CodeSpace\PHP\hsyii\framework\web\actions\CAction.php(109): ReflectionMethod->invokeArgs(Object(ClubListController), Array)
#11 F:\Academic\CodeSpace\PHP\hsyii\framework\web\actions\CInlineAction.php(47): CAction->runWithParamsInternal(Object(ClubListController), Object(ReflectionMethod), Array)
#12 F:\Academic\CodeSpace\PHP\hsyii\framework\web\CController.php(308): CInlineAction->runWithParams(Array)
#13 F:\Academic\CodeSpace\PHP\hsyii\framework\web\CController.php(286): CController->runAction(Object(CInlineAction))
#14 F:\Academic\CodeSpace\PHP\hsyii\framework\web\CController.php(265): CController->runActionWithFilters(Object(CInlineAction), Array)
#15 F:\Academic\CodeSpace\PHP\hsyii\framework\web\CWebApplication.php(282): CController->run('index')
#16 F:\Academic\CodeSpace\PHP\hsyii\framework\web\CWebApplication.php(141): CWebApplication->runController('clubList/index')
#17 F:\Academic\CodeSpace\PHP\hsyii\framework\base\CApplication.php(185): CWebApplication->processRequest()
#18 F:\Academic\CodeSpace\PHP\hsyii\index.php(33): CApplication->run()
#19 {main}
REQUEST_URI=/index.php?r=clubList/index
HTTP_REFERER=http://yii.demo/
---
2019/11/19 02:04:19 [error] [php] include(Teacher.php): failed to open stream: No such file or directory (F:\Academic\CodeSpace\PHP\hsyii\framework\YiiBase.php:432)
Stack trace:
#0 F:\Academic\CodeSpace\PHP\hsyii\admin\controllers\IndexController.php(23): spl_autoload_call()
#1 F:\Academic\CodeSpace\PHP\hsyii\admin\controllers\IndexController.php(14): IndexController->login_form()
#2 F:\Academic\CodeSpace\PHP\hsyii\framework\web\actions\CInlineAction.php(49): IndexController->actionLogin()
#3 F:\Academic\CodeSpace\PHP\hsyii\framework\web\CController.php(308): CInlineAction->runWithParams()
#4 F:\Academic\CodeSpace\PHP\hsyii\framework\web\CController.php(286): IndexController->runAction()
#5 F:\Academic\CodeSpace\PHP\hsyii\framework\web\CController.php(265): IndexController->runActionWithFilters()
#6 F:\Academic\CodeSpace\PHP\hsyii\framework\web\CWebApplication.php(282): IndexController->run()
#7 F:\Academic\CodeSpace\PHP\hsyii\framework\web\CWebApplication.php(141): CWebApplication->runController()
#8 F:\Academic\CodeSpace\PHP\hsyii\framework\base\CApplication.php(185): CWebApplication->processRequest()
#9 F:\Academic\CodeSpace\PHP\hsyii\index.php(33): CWebApplication->run()
REQUEST_URI=/index.php?r=index/login
2019/11/19 02:04:32 [error] [php] include(Teacher.php): failed to open stream: No such file or directory (F:\Academic\CodeSpace\PHP\hsyii\framework\YiiBase.php:432)
Stack trace:
#0 F:\Academic\CodeSpace\PHP\hsyii\admin\controllers\IndexController.php(23): spl_autoload_call()
#1 F:\Academic\CodeSpace\PHP\hsyii\admin\controllers\IndexController.php(14): IndexController->login_form()
#2 F:\Academic\CodeSpace\PHP\hsyii\framework\web\actions\CInlineAction.php(49): IndexController->actionLogin()
#3 F:\Academic\CodeSpace\PHP\hsyii\framework\web\CController.php(308): CInlineAction->runWithParams()
#4 F:\Academic\CodeSpace\PHP\hsyii\framework\web\CController.php(286): IndexController->runAction()
#5 F:\Academic\CodeSpace\PHP\hsyii\framework\web\CController.php(265): IndexController->runActionWithFilters()
#6 F:\Academic\CodeSpace\PHP\hsyii\framework\web\CWebApplication.php(282): IndexController->run()
#7 F:\Academic\CodeSpace\PHP\hsyii\framework\web\CWebApplication.php(141): CWebApplication->runController()
#8 F:\Academic\CodeSpace\PHP\hsyii\framework\base\CApplication.php(185): CWebApplication->processRequest()
#9 F:\Academic\CodeSpace\PHP\hsyii\index.php(33): CWebApplication->run()
REQUEST_URI=/index.php?r=index/login
